<?xml version="1.0" encoding="UTF-8"?>
<testsuite xmlns:xsi="http://www.w3.org/2001/XMLSchema-instance" xsi:noNamespaceSchemaLocation="https://maven.apache.org/surefire/maven-surefire-plugin/xsd/surefire-test-report-3.0.xsd" version="3.0" name="com.booknest.bookreview.BookreviewApplicationTests" time="5.803" tests="1" errors="0" skipped="0" failures="0">
  <properties>
[...]
</properties>
  <testcase name="contextLoads" classname="com.booknest.bookreview.BookreviewApplicationTests" time="0.522">
    <system-out><![CDATA[22:50:32.165 [main] INFO org.springframework.test.context.support.AnnotationConfigContextLoaderUtils -- Could not detect default configuration classes for test class [com.booknest.bookreview.BookreviewApplicationTests]: BookreviewApplicationTests does not declare any static, non-private, non-final, nested classes annotated with @Configuration.
22:50:32.284 [main] INFO org.springframework.boot.test.context.SpringBootTestContextBootstrapper -- Found @SpringBootConfiguration com.booknest.bookreview.BookReviewApplication for test class com.booknest.bookreview.BookreviewApplicationTests

  .   ____          _            __ _ _
 /\\ / ___'_ __ _ _(_)_ __  __ _ \ \ \ \
( ( )\___ | '_ | '_| | '_ \/ _` | \ \ \ \
 \\/  ___)| |_)| | | | | || (_| |  ) ) ) )
  '  |____| .__|_| |_|_| |_\__, | / / / /
 =========|_|==============|___/=/_/_/_/
 :: Spring Boot ::                (v3.2.1)

2026-01-30T22:50:32.787+05:30  INFO 20860 --- [           main] c.b.b.BookreviewApplicationTests         : Starting BookreviewApplicationTests using Java 17.0.12 with PID 20860 (started by manas in C:\Users\manas\IdeaProjects\bookreview)
2026-01-30T22:50:32.788+05:30  INFO 20860 --- [           main] c.b.b.BookreviewApplicationTests         : No active profile set, falling back to 1 default profile: "default"
2026-01-30T22:50:33.634+05:30  INFO 20860 --- [           main] .s.d.r.c.RepositoryConfigurationDelegate : Bootstrapping Spring Data JPA repositories in DEFAULT mode.
2026-01-30T22:50:33.729+05:30  INFO 20860 --- [           main] .s.d.r.c.RepositoryConfigurationDelegate : Finished Spring Data repository scanning in 79 ms. Found 1 JPA repository interface.
2026-01-30T22:50:34.351+05:30  INFO 20860 --- [           main] o.hibernate.jpa.internal.util.LogHelper  : HHH000204: Processing PersistenceUnitInfo [name: default]
2026-01-30T22:50:34.464+05:30  INFO 20860 --- [           main] org.hibernate.Version                    : HHH000412: Hibernate ORM core version 6.4.1.Final
2026-01-30T22:50:34.533+05:30  INFO 20860 --- [           main] o.h.c.internal.RegionFactoryInitiator    : HHH000026: Second-level cache disabled
2026-01-30T22:50:34.967+05:30  INFO 20860 --- [           main] o.s.o.j.p.SpringPersistenceUnitInfo      : No LoadTimeWeaver setup: ignoring JPA class transformer
2026-01-30T22:50:35.000+05:30  INFO 20860 --- [           main] com.zaxxer.hikari.HikariDataSource       : HikariPool-1 - Starting...
2026-01-30T22:50:35.183+05:30  INFO 20860 --- [           main] com.zaxxer.hikari.pool.HikariPool        : HikariPool-1 - Added connection conn0: url=jdbc:h2:mem:bookdb user=SA
2026-01-30T22:50:35.185+05:30  INFO 20860 --- [           main] com.zaxxer.hikari.HikariDataSource       : HikariPool-1 - Start completed.
2026-01-30T22:50:35.218+05:30  WARN 20860 --- [           main] org.hibernate.orm.deprecation            : HHH90000025: H2Dialect does not need to be specified explicitly using 'hibernate.dialect' (remove the property setting and it will be selected by default)
2026-01-30T22:50:36.135+05:30  INFO 20860 --- [           main] o.h.e.t.j.p.i.JtaPlatformInitiator       : HHH000489: No JTA platform available (set 'hibernate.transaction.jta.platform' to enable JTA platform integration)
Hibernate: 
    create table book_reviews (
        id bigint generated by default as identity,
        author varchar(255) not null,
        book_title varchar(255) not null,
        genre varchar(255) not null,
        rating varchar(255) not null,
        review_text varchar(1000) not null,
        primary key (id)
    )
2026-01-30T22:50:36.209+05:30  INFO 20860 --- [           main] j.LocalContainerEntityManagerFactoryBean : Initialized JPA EntityManagerFactory for persistence unit 'default'
2026-01-30T22:50:36.729+05:30  WARN 20860 --- [           main] JpaBaseConfiguration$JpaWebConfiguration : spring.jpa.open-in-view is enabled by default. Therefore, database queries may be performed during view rendering. Explicitly configure spring.jpa.open-in-view to disable this warning
2026-01-30T22:50:37.182+05:30  INFO 20860 --- [           main] o.s.b.a.h2.H2ConsoleAutoConfiguration    : H2 console available at '/h2-console'. Database available at 'jdbc:h2:mem:bookdb'
2026-01-30T22:50:37.254+05:30  INFO 20860 --- [           main] c.b.b.BookreviewApplicationTests         : Started BookreviewApplicationTests in 4.784 seconds (process running for 5.783)
]]></system-out>
  </testcase>
</testsuite>